start sensor read (type=22, pin=4).
*** timeout #2
start sensor read (type=22, pin=4).
init peak: 264
update peak: 7 (743)
update peak: 15 (746)
bitCount=41, peak=746:
0 (264) 0 (264) 0 (249) 0 (264) 0 (264) 0 (262) 1 (743) 0 (254) 
0 (264) 0 (264) 0 (264) 0 (265) 1 (732) 1 (736) 1 (746) 0 (254) 
0 (261) 0 (264) 0 (265) 0 (264) 0 (264) 0 (264) 0 (264) 0 (254) 
1 (746) 1 (746) 1 (746) 0 (264) 0 (262) 0 (264) 0 (264) 0 (254) 
1 (736) 1 (735) 1 (744) 1 (744) 0 (264) 0 (264) 0 (262) 0 (254) 

=> 2 e 0 e0 (f0/f0) : OK
sensor type = 22, temperature = 22.4, humidity = 52.6
*** obtained readout successfully.
start sensor read (type=22, pin=4).
init peak: 190
update peak: 3 (265)
update peak: 7 (628)
update peak: 12 (722)
update peak: 13 (741)
update peak: 27 (746)
bitCount=41, peak=746:
0 (190) 0 (129) 0 (265) 0 (242) 0 (208) 0 (264) 1 (628) 0 (092) 
0 (107) 0 (106) 0 (119) 1 (722) 1 (741) 0 (227) 1 (703) 1 (733) 
0 (264) 0 (264) 0 (262) 0 (264) 0 (264) 0 (262) 0 (264) 0 (254) 
1 (732) 1 (728) 1 (746) 0 (264) 0 (264) 0 (264) 0 (263) 1 (731) 
1 (744) 1 (731) 1 (720) 1 (744) 1 (744) 1 (745) 1 (744) 0 (253) 

=> 2 1b 0 e1 (fe/fe) : OK
sensor type = 22, temperature = 22.5, humidity = 53.9
*** obtained readout successfully.
start sensor read (type=22, pin=4).
*** timeout #2
start sensor read (type=22, pin=4).
*** timeout #2
start sensor read (type=22, pin=4).
init peak: 264
update peak: 7 (723)
update peak: 12 (739)
bitCount=41, peak=739:
0 (264) 0 (261) 0 (264) 0 (256) 0 (264) 0 (264) 1 (723) 0 (246) 
0 (264) 0 (264) 0 (256) 1 (739) 1 (739) 1 (739) 0 (264) 1 (735) 
0 (265) 0 (264) 0 (264) 0 (264) 0 (265) 0 (264) 0 (264) 0 (246) 
1 (738) 1 (731) 1 (724) 0 (256) 0 (265) 0 (264) 0 (264) 1 (736) 
0 (265) 0 (264) 0 (264) 0 (264) 0 (264) 0 (264) 0 (264) 0 (235) 

=> 2 1d 0 e1 (0/0) : OK
sensor type = 22, temperature = 22.5, humidity = 54.1
*** obtained readout successfully.
start sensor read (type=22, pin=4).
*** timeout #2
start sensor read (type=22, pin=4).
init peak: 165
update peak: 7 (466)
bitCount=41, peak=466:
0 (165) 0 (160) 0 (164) 0 (165) 0 (160) 0 (164) 1 (466) 0 (158) 
0 (147) 0 (165) 0 (164) 1 (461) 0 (159) 1 (461) 0 (165) 1 (459) 
0 (165) 0 (150) 0 (165) 0 (165) 0 (158) 0 (165) 0 (164) 0 (153) 
1 (460) 1 (461) 1 (460) 0 (165) 0 (165) 0 (147) 0 (165) 0 (158) 
1 (461) 1 (396) 1 (466) 1 (466) 0 (164) 1 (457) 1 (450) 1 (453) 

=> 2 15 0 e0 (f7/f7) : OK
sensor type = 22, temperature = 22.4, humidity = 53.3
*** obtained readout successfully.
start sensor read (type=22, pin=4).
init peak: 96
update peak: 2 (104)
update peak: 5 (108)
update peak: 6 (263)
update peak: 7 (690)
update peak: 15 (697)
update peak: 16 (728)
update peak: 25 (744)
update peak: 26 (746)
bitCount=41, peak=746:
0 (096) 0 (104) 0 (097) 0 (079) 0 (108) 0 (263) 1 (690) 0 (100) 
0 (264) 0 (263) 0 (123) 0 (255) 0 (101) 0 (109) 1 (697) 1 (728) 
0 (257) 0 (264) 0 (264) 0 (257) 0 (265) 0 (264) 0 (256) 0 (254) 
1 (744) 1 (746) 1 (745) 0 (265) 0 (257) 0 (265) 0 (264) 0 (246) 
1 (738) 1 (701) 1 (446) 1 (408) 0 (102) 0 (294) 0 (102) 1 (413) 

=> 2 3 0 e0 (f1/e5) : ERR
*** unexpected data: bits=41: 241 != 2 + 3 + 0 + 224
start sensor read (type=22, pin=4).
init peak: 165
update peak: 7 (450)
update peak: 12 (466)
bitCount=41, peak=466:
0 (165) 0 (165) 0 (163) 0 (165) 0 (165) 0 (156) 1 (450) 0 (158) 
0 (165) 0 (161) 0 (165) 1 (466) 0 (164) 0 (160) 1 (461) 0 (158) 
0 (165) 0 (162) 0 (165) 0 (164) 0 (159) 0 (162) 0 (165) 0 (153) 
1 (460) 1 (460) 1 (458) 0 (164) 0 (164) 0 (165) 0 (164) 0 (159) 
1 (466) 1 (466) 1 (465) 1 (466) 0 (164) 1 (450) 0 (158) 0 (158) 

=> 2 12 0 e0 (f4/f4) : OK
sensor type = 22, temperature = 22.4, humidity = 53.0
*** obtained readout successfully.
start sensor read (type=22, pin=4).
*** timeout #2
start sensor read (type=22, pin=4).
init peak: 164
update peak: 5 (165)
update peak: 7 (455)
update peak: 12 (466)
bitCount=40, peak=466:
0 (164) 0 (164) 0 (157) 0 (164) 0 (165) 0 (165) 1 (455) 0 (158) 
0 (165) 0 (152) 0 (164) 1 (466) 0 (164) 0 (157) 1 (457) 1 (451) 
0 (165) 0 (165) 0 (097) 0 (164) 0 (165) 0 (156) 0 (158) 1 (293) 
1 (349) 1 (278) 0 (022) 0 (091) 0 (084) 0 (075) 0 (080) 1 (253) 
1 (272) 1 (310) 1 (264) 0 (126) 0 (223) 0 (057) 1 (258) 
=> 2 13 1 c1 (71/d7) : ERR
*** unexpected data: bits=40: 113 != 2 + 19 + 1 + 193
start sensor read (type=22, pin=4).
init peak: 112
update peak: 2 (165)
update peak: 7 (457)
update peak: 25 (465)
update peak: 26 (466)
bitCount=41, peak=466:
0 (112) 0 (165) 0 (165) 0 (164) 0 (165) 0 (165) 1 (457) 0 (159) 
0 (165) 0 (165) 0 (164) 1 (444) 0 (165) 0 (165) 1 (453) 1 (451) 
0 (157) 0 (165) 0 (164) 0 (157) 0 (165) 0 (165) 0 (164) 0 (159) 
1 (465) 1 (466) 1 (466) 0 (165) 0 (157) 0 (165) 0 (164) 0 (151) 
1 (408) 1 (398) 1 (454) 1 (457) 0 (164) 1 (466) 0 (164) 1 (451) 

=> 2 13 0 e0 (f5/f5) : OK
sensor type = 22, temperature = 22.4, humidity = 53.1
*** obtained readout successfully.
start sensor read (type=22, pin=4).
*** timeout #2
start sensor read (type=22, pin=4).
init peak: 164
update peak: 3 (165)
update peak: 7 (465)
update peak: 27 (466)
bitCount=41, peak=466:
0 (164) 0 (158) 0 (165) 0 (165) 0 (164) 0 (165) 1 (465) 0 (159) 
0 (165) 0 (164) 0 (164) 1 (422) 0 (133) 0 (165) 0 (164) 0 (150) 
0 (165) 0 (165) 0 (164) 0 (165) 0 (165) 0 (156) 0 (165) 0 (159) 
1 (399) 1 (463) 1 (466) 0 (165) 0 (165) 0 (165) 0 (162) 0 (158) 
1 (465) 1 (465) 1 (453) 1 (458) 0 (165) 0 (164) 1 (458) 0 (151) 

=> 2 10 0 e0 (f2/f2) : OK
sensor type = 22, temperature = 22.4, humidity = 52.8
*** obtained readout successfully.
start sensor read (type=22, pin=4).
*** timeout #2
start sensor read (type=22, pin=4).
init peak: 165
update peak: 7 (466)
bitCount=41, peak=466:
0 (165) 0 (164) 0 (165) 0 (164) 0 (165) 0 (164) 1 (466) 0 (159) 
0 (165) 0 (164) 0 (164) 0 (114) 1 (453) 1 (457) 1 (458) 0 (158) 
0 (164) 0 (165) 0 (160) 0 (164) 0 (164) 0 (165) 0 (165) 0 (159) 
1 (457) 1 (458) 1 (458) 0 (157) 0 (164) 0 (165) 0 (164) 0 (158) 
1 (465) 1 (466) 1 (465) 1 (466) 0 (165) 0 (157) 0 (164) 0 (158) 

=> 2 e 0 e0 (f0/f0) : OK
sensor type = 22, temperature = 22.4, humidity = 52.6
*** obtained readout successfully.
start sensor read (type=22, pin=4).
*** timeout #2
start sensor read (type=22, pin=4).
init peak: 165
update peak: 7 (465)
update peak: 35 (466)
bitCount=41, peak=466:
0 (165) 0 (164) 0 (165) 0 (165) 0 (156) 0 (165) 1 (465) 0 (159) 
0 (165) 0 (164) 0 (165) 0 (095) 1 (454) 1 (457) 0 (164) 1 (459) 
0 (164) 0 (165) 0 (164) 0 (165) 0 (116) 0 (163) 0 (164) 0 (147) 
1 (457) 1 (457) 1 (457) 0 (165) 0 (165) 0 (164) 0 (164) 0 (158) 
1 (457) 1 (465) 1 (466) 0 (164) 1 (458) 1 (458) 1 (343) 1 (390) 

=> 2 d 0 e0 (ef/ef) : OK
sensor type = 22, temperature = 22.4, humidity = 52.5
*** obtained readout successfully.
start sensor read (type=22, pin=4).
*** timeout #2
start sensor read (type=22, pin=4).
init peak: 164
update peak: 6 (165)
update peak: 7 (465)
update peak: 35 (466)
bitCount=41, peak=466:
0 (164) 0 (157) 0 (164) 0 (164) 0 (157) 0 (165) 1 (465) 0 (159) 
0 (095) 0 (164) 0 (164) 0 (157) 1 (457) 1 (457) 0 (165) 1 (459) 
0 (164) 0 (104) 0 (165) 0 (164) 0 (153) 0 (165) 0 (164) 0 (151) 
1 (457) 1 (458) 1 (458) 0 (165) 0 (165) 0 (098) 0 (165) 0 (158) 
1 (458) 1 (458) 1 (466) 0 (165) 1 (458) 1 (407) 1 (398) 1 (448) 

=> 2 d 0 e0 (ef/ef) : OK
sensor type = 22, temperature = 22.4, humidity = 52.5
*** obtained readout successfully.
start sensor read (type=22, pin=4).
*** timeout #2
start sensor read (type=22, pin=4).
init peak: 84
update peak: 2 (86)
update peak: 3 (138)
update peak: 5 (149)
update peak: 7 (220)
update peak: 13 (305)
update peak: 14 (319)
update peak: 26 (341)
update peak: 27 (354)
update peak: 34 (371)
bitCount=41, peak=371:
0 (084) 0 (086) 0 (138) 0 (136) 0 (149) 0 (083) 1 (220) 0 (114) 
0 (091) 0 (093) 0 (122) 0 (117) 1 (305) 1 (319) 0 (081) 0 (110) 
0 (135) 0 (086) 0 (113) 0 (111) 0 (099) 0 (113) 0 (114) 0 (108) 
1 (312) 1 (341) 1 (354) 0 (128) 0 (147) 0 (081) 0 (126) 0 (120) 
1 (325) 1 (371) 1 (349) 0 (109) 1 (309) 1 (291) 1 (239) 0 (102) 

=> 2 c 0 e0 (ee/ee) : OK
sensor type = 22, temperature = 22.4, humidity = 52.4
*** obtained readout successfully.
start sensor read (type=22, pin=4).
*** timeout #2
start sensor read (type=22, pin=4).
init peak: 160
update peak: 2 (165)
update peak: 7 (465)
update peak: 25 (466)
bitCount=41, peak=466:
0 (160) 0 (165) 0 (164) 0 (164) 0 (165) 0 (165) 1 (465) 0 (157) 
0 (165) 0 (165) 0 (164) 0 (164) 1 (465) 0 (164) 1 (465) 1 (458) 
0 (133) 0 (163) 0 (164) 0 (164) 0 (165) 0 (164) 0 (160) 0 (158) 
1 (466) 1 (466) 1 (466) 0 (164) 0 (164) 0 (165) 0 (164) 0 (158) 
1 (461) 1 (462) 1 (466) 0 (164) 1 (466) 1 (466) 0 (164) 1 (460) 

=> 2 b 0 e0 (ed/ed) : OK
sensor type = 22, temperature = 22.4, humidity = 52.3
*** obtained readout successfully.
start sensor read (type=22, pin=4).
*** timeout #2
start sensor read (type=22, pin=4).
init peak: 164
update peak: 2 (165)
update peak: 7 (465)
update peak: 27 (466)
bitCount=41, peak=466:
0 (164) 0 (165) 0 (164) 0 (164) 0 (165) 0 (164) 1 (465) 0 (158) 
0 (165) 0 (164) 0 (164) 0 (165) 1 (461) 0 (164) 1 (465) 0 (159) 
0 (127) 0 (142) 0 (165) 0 (165) 0 (164) 0 (164) 0 (165) 0 (155) 
1 (465) 1 (465) 1 (466) 0 (165) 0 (165) 0 (164) 0 (164) 0 (158) 
1 (462) 1 (465) 1 (466) 0 (165) 1 (465) 1 (466) 0 (164) 0 (158) 

=> 2 a 0 e0 (ec/ec) : OK
sensor type = 22, temperature = 22.4, humidity = 52.2
*** obtained readout successfully.
start sensor read (type=22, pin=4).
*** timeout #2
start sensor read (type=22, pin=4).
init peak: 165
update peak: 7 (466)
bitCount=41, peak=466:
0 (165) 0 (165) 0 (164) 0 (164) 0 (165) 0 (165) 1 (466) 0 (158) 
0 (162) 0 (165) 0 (164) 0 (164) 1 (465) 0 (165) 0 (164) 1 (459) 
0 (165) 0 (164) 0 (164) 0 (161) 0 (165) 0 (165) 0 (164) 0 (158) 
1 (464) 1 (466) 1 (465) 0 (165) 0 (165) 0 (164) 0 (165) 0 (154) 
1 (465) 1 (466) 1 (465) 0 (164) 1 (465) 0 (165) 1 (466) 1 (460) 

=> 2 9 0 e0 (eb/eb) : OK
sensor type = 22, temperature = 22.4, humidity = 52.1
*** obtained readout successfully.
start sensor read (type=22, pin=4).
*** timeout #2
start sensor read (type=22, pin=4).
init peak: 165
update peak: 6 (466)
bitCount=40, peak=466:
0 (165) 0 (165) 0 (165) 0 (161) 0 (164) 1 (466) 0 (158) 0 (164) 
0 (165) 0 (165) 0 (164) 1 (465) 0 (164) 0 (164) 0 (155) 0 (164) 
0 (164) 0 (165) 0 (164) 0 (165) 0 (164) 0 (165) 0 (159) 1 (465) 
1 (461) 1 (462) 0 (165) 0 (164) 0 (165) 0 (165) 0 (159) 1 (466) 
1 (466) 1 (465) 0 (164) 1 (463) 0 (165) 1 (465) 0 (158) 
=> 4 10 1 c1 (6a/d6) : ERR
*** unexpected data: bits=40: 106 != 4 + 16 + 1 + 193
start sensor read (type=22, pin=4).
init peak: 164
update peak: 7 (466)
bitCount=41, peak=466:
0 (164) 0 (164) 0 (164) 0 (164) 0 (161) 0 (164) 1 (466) 0 (158) 
0 (164) 0 (164) 0 (165) 0 (164) 1 (465) 0 (164) 0 (164) 0 (153) 
0 (164) 0 (165) 0 (164) 0 (165) 0 (164) 0 (164) 0 (165) 0 (159) 
1 (464) 1 (462) 1 (462) 0 (163) 0 (165) 0 (164) 0 (164) 0 (158) 
1 (465) 1 (466) 1 (466) 0 (164) 1 (462) 0 (165) 1 (465) 0 (159) 

=> 2 8 0 e0 (ea/ea) : OK
sensor type = 22, temperature = 22.4, humidity = 52.0
*** obtained readout successfully.
